<?xml version="1.0" encoding="UTF-8" ?>
<testsuite tests="11" failures="0" name="com.digitaslbi.apigee.controller.DeveloperAppControllerTest" time="0.175" errors="0" skipped="0">
  <properties>
[...]
</properties>
  <testcase classname="com.digitaslbi.apigee.controller.DeveloperAppControllerTest" name="testImportDeveloperAppCorrect" time="0.109"/>
  <testcase classname="com.digitaslbi.apigee.controller.DeveloperAppControllerTest" name="testImportDeveloperAppSpacesProduct" time="0.001"/>
  <testcase classname="com.digitaslbi.apigee.controller.DeveloperAppControllerTest" name="testExportDeveloperAppNullDir" time="0.001"/>
  <testcase classname="com.digitaslbi.apigee.controller.DeveloperAppControllerTest" name="testImportDeveloperAppNoProduct" time="0.002"/>
  <testcase classname="com.digitaslbi.apigee.controller.DeveloperAppControllerTest" name="testImportDeveloperAppEmptyProduct" time="0.007"/>
  <testcase classname="com.digitaslbi.apigee.controller.DeveloperAppControllerTest" name="testImportDeveloperAppNoNameProps" time="0.003"/>
  <testcase classname="com.digitaslbi.apigee.controller.DeveloperAppControllerTest" name="testExportDeveloperAppCorrect" time="0.042"/>
  <testcase classname="com.digitaslbi.apigee.controller.DeveloperAppControllerTest" name="testImportDeveloperAppEmptyName" time="0.004"/>
  <testcase classname="com.digitaslbi.apigee.controller.DeveloperAppControllerTest" name="testImportDeveloperAppNull" time="0.002"/>
  <testcase classname="com.digitaslbi.apigee.controller.DeveloperAppControllerTest" name="testImportDeveloperAppNoName" time="0.002"/>
  <testcase classname="com.digitaslbi.apigee.controller.DeveloperAppControllerTest" name="testImportDeveloperAppNotDir" time="0.002"/>
</testsuite>